Server started on port 3000
http://localhost:3000/?dcaID=e31c4988-459e-49ad-9ee9-400cd818910313&containerName=test&companyID=46c613b2-821d-4fe4-a57f-4c2c77141d11&command=A :2019-07-31T16:23:10-07:00
{
  containerName: 'test',
  dcaID: 'e31c4988-459e-49ad-9ee9-400cd818910313',
  companyID: '46c613b2-821d-4fe4-a57f-4c2c77141d11',
  command: 'A'
}
46c613b2-821d-4fe4-a57f-4c2c77141d11/StandardTests_1903282210_MotionThreshold.csv
46c613b2-821d-4fe4-a57f-4c2c77141d11/StandardTests_1906101955_NormRiskCount.csv
46c613b2-821d-4fe4-a57f-4c2c77141d11/StandardTests_1903302210_MotionThreshold.csv
reprocess failed, dca files do not exist.
http://localhost:3000/?dcaID=e31c4988-459e-49ad-9ee9-400cd818910313&containerName=test&companyID=46c613b2-821d-4fe4-a57f-4c2c77141d11&command=A :2019-07-31T16:38:47-07:00
{
  containerName: 'test',
  dcaID: 'e31c4988-459e-49ad-9ee9-400cd818910313',
  companyID: '46c613b2-821d-4fe4-a57f-4c2c77141d11',
  command: 'A'
}
46c613b2-821d-4fe4-a57f-4c2c77141d11/StandardTests_1903282210_MotionThreshold.csv
46c613b2-821d-4fe4-a57f-4c2c77141d11/StandardTests_1903302210_MotionThreshold.csv
46c613b2-821d-4fe4-a57f-4c2c77141d11/StandardTests_1906101955_NormRiskCount.csv
reprocess failed, dca files do not exist.
http://localhost:3000/?dcaID=e31c4988-459e-49ad-9ee9-400cd818910f&containerName=test&companyID=46c613b2-821d-4fe4-a57f-4c2c77141d11&command=A :2019-07-31T16:39:07-07:00
{
  containerName: 'test',
  dcaID: 'e31c4988-459e-49ad-9ee9-400cd818910f',
  companyID: '46c613b2-821d-4fe4-a57f-4c2c77141d11',
  command: 'A'
}
(node:11300) UnhandledPromiseRejectionWarning: TypeError: Cannot read property 'entries' of null
    at c:\Users\Zach\Documents\Matlab-Node\SenzTest\reprocess.js:47:36
    at finalCallback (c:\Users\Zach\Documents\Matlab-Node\SenzTest\node_modules\azure-storage\lib\services\blob\blobservice.core.js:5824:7)
    at c:\Users\Zach\Documents\Matlab-Node\SenzTest\node_modules\azure-storage\lib\common\services\storageserviceclient.js:1016:11
    at processResponseCallback (c:\Users\Zach\Documents\Matlab-Node\SenzTest\node_modules\azure-storage\lib\services\blob\blobservice.core.js:5827:5)
    at Request.processResponseCallback [as _callback] (c:\Users\Zach\Documents\Matlab-Node\SenzTest\node_modules\azure-storage\lib\common\services\storageserviceclient.js:329:13)
    at self.callback (c:\Users\Zach\Documents\Matlab-Node\SenzTest\node_modules\request\request.js:185:22)
    at Request.emit (events.js:200:13)
    at Request.onRequestError (c:\Users\Zach\Documents\Matlab-Node\SenzTest\node_modules\request\request.js:881:8)
    at ClientRequest.emit (events.js:200:13)
    at TLSSocket.socketErrorListener (_http_client.js:402:9)
(node:11300) UnhandledPromiseRejectionWarning: Unhandled promise rejection. This error originated either by throwing inside of an async function without a catch block, or by rejecting a promise which was not handled with .catch(). (rejection id: 1)
(node:11300) [DEP0018] DeprecationWarning: Unhandled promise rejections are deprecated. In the future, promise rejections that are not handled will terminate the Node.js process with a non-zero exit code.
http://localhost:3000/?dcaID=e31c4988-459e-49ad-9ee9-400cd818910f&containerName=test&companyID=46c613b2-821d-4fe4-a57f-4c2c77141d11&command=A :2019-07-31T16:39:49-07:00
{
  containerName: 'test',
  dcaID: 'e31c4988-459e-49ad-9ee9-400cd818910f',
  companyID: '46c613b2-821d-4fe4-a57f-4c2c77141d11',
  command: 'A'
}
e31c4988-459e-49ad-9ee9-400cd818910f/BodyAmbient.mat
e31c4988-459e-49ad-9ee9-400cd818910f/Motion_Summary.mat
e31c4988-459e-49ad-9ee9-400cd818910f/Calibration.mat
e31c4988-459e-49ad-9ee9-400cd818910f/MotionDB.mat
e31c4988-459e-49ad-9ee9-400cd818910f/ManualSensAdj.csv
e31c4988-459e-49ad-9ee9-400cd818910f/SlipTripFall.mat
e31c4988-459e-49ad-9ee9-400cd818910f/ThermoRisk.mat
e31c4988-459e-49ad-9ee9-400cd818910f/Thermal_Summary.mat
e31c4988-459e-49ad-9ee9-400cd818910f/Spatial_Summary.mat
e31c4988-459e-49ad-9ee9-400cd818910f/WorkLoad.mat
e31c4988-459e-49ad-9ee9-400cd818910f/StandardTests25_UserParameters.mat
e31c4988-459e-49ad-9ee9-400cd818910f/RawData_THORAX_1.mat
e31c4988-459e-49ad-9ee9-400cd818910f/RawData_PELVIS_1.mat
e31c4988-459e-49ad-9ee9-400cd818910f/RawData_LUA_1.mat
e31c4988-459e-49ad-9ee9-400cd818910f/RawData_RUA_1.mat
e31c4988-459e-49ad-9ee9-400cd818910f/RawData_LFA_1.mat
e31c4988-459e-49ad-9ee9-400cd818910f/RawData_RFA_1.mat
e31c4988-459e-49ad-9ee9-400cd818910f/SyncData.mat
e31c4988-459e-49ad-9ee9-400cd818910f/SyncTravel.mat
e31c4988-459e-49ad-9ee9-400cd818910f/OrientationBias.mat
e31c4988-459e-49ad-9ee9-400cd818910f/BodyPosn.mat
e31c4988-459e-49ad-9ee9-400cd818910f/BodyAngle.mat
46c613b2-821d-4fe4-a57f-4c2c77141d11/StandardTests_1903282210_MotionThreshold.csv
46c613b2-821d-4fe4-a57f-4c2c77141d11/StandardTests_1903302210_MotionThreshold.csv
46c613b2-821d-4fe4-a57f-4c2c77141d11/StandardTests_1906101955_NormRiskCount.csv
reprocess done
http://localhost:3000/?dcaID=e31c4988-459e-49ad-9ee9-400cd818910f&containerName=test&companyID=46c613b2-821d-4fe4-a57f-4c2c77141d11&command=A :2019-07-31T16:40:31-07:00
{
  containerName: 'test',
  dcaID: 'e31c4988-459e-49ad-9ee9-400cd818910f',
  companyID: '46c613b2-821d-4fe4-a57f-4c2c77141d11',
  command: 'A'
}
(node:11300) UnhandledPromiseRejectionWarning: TypeError: Cannot read property 'entries' of null
    at c:\Users\Zach\Documents\Matlab-Node\SenzTest\reprocess.js:47:36
    at finalCallback (c:\Users\Zach\Documents\Matlab-Node\SenzTest\node_modules\azure-storage\lib\services\blob\blobservice.core.js:5824:7)
    at c:\Users\Zach\Documents\Matlab-Node\SenzTest\node_modules\azure-storage\lib\common\services\storageserviceclient.js:1016:11
    at processResponseCallback (c:\Users\Zach\Documents\Matlab-Node\SenzTest\node_modules\azure-storage\lib\services\blob\blobservice.core.js:5827:5)
    at Request.processResponseCallback [as _callback] (c:\Users\Zach\Documents\Matlab-Node\SenzTest\node_modules\azure-storage\lib\common\services\storageserviceclient.js:329:13)
    at self.callback (c:\Users\Zach\Documents\Matlab-Node\SenzTest\node_modules\request\request.js:185:22)
    at Request.emit (events.js:200:13)
    at Request.onRequestError (c:\Users\Zach\Documents\Matlab-Node\SenzTest\node_modules\request\request.js:881:8)
    at ClientRequest.emit (events.js:200:13)
    at TLSSocket.socketErrorListener (_http_client.js:402:9)
(node:11300) UnhandledPromiseRejectionWarning: Unhandled promise rejection. This error originated either by throwing inside of an async function without a catch block, or by rejecting a promise which was not handled with .catch(). (rejection id: 2)
http://localhost:3000/?dcaID=e31c4988-459e-49ad-9ee9-400cd818910f&containerName=test&companyID=46c613b2-821d-4fe4-a57f-4c2c77141d11&command=A :2019-07-31T16:41:11-07:00
{
  containerName: 'test',
  dcaID: 'e31c4988-459e-49ad-9ee9-400cd818910f',
  companyID: '46c613b2-821d-4fe4-a57f-4c2c77141d11',
  command: 'A'
}
e31c4988-459e-49ad-9ee9-400cd818910f/BodyAmbient.mat
e31c4988-459e-49ad-9ee9-400cd818910f/ManualSensAdj.csv
e31c4988-459e-49ad-9ee9-400cd818910f/MotionDB.mat
e31c4988-459e-49ad-9ee9-400cd818910f/Calibration.mat
e31c4988-459e-49ad-9ee9-400cd818910f/Motion_Summary.mat
e31c4988-459e-49ad-9ee9-400cd818910f/SlipTripFall.mat
e31c4988-459e-49ad-9ee9-400cd818910f/StandardTests25_UserParameters.mat
e31c4988-459e-49ad-9ee9-400cd818910f/WorkLoad.mat
e31c4988-459e-49ad-9ee9-400cd818910f/Spatial_Summary.mat
e31c4988-459e-49ad-9ee9-400cd818910f/ThermoRisk.mat
e31c4988-459e-49ad-9ee9-400cd818910f/Thermal_Summary.mat
e31c4988-459e-49ad-9ee9-400cd818910f/RawData_LUA_1.mat
e31c4988-459e-49ad-9ee9-400cd818910f/RawData_RUA_1.mat
e31c4988-459e-49ad-9ee9-400cd818910f/RawData_RFA_1.mat
e31c4988-459e-49ad-9ee9-400cd818910f/RawData_LFA_1.mat
e31c4988-459e-49ad-9ee9-400cd818910f/RawData_PELVIS_1.mat
e31c4988-459e-49ad-9ee9-400cd818910f/RawData_THORAX_1.mat
e31c4988-459e-49ad-9ee9-400cd818910f/SyncTravel.mat
e31c4988-459e-49ad-9ee9-400cd818910f/BodyPosn.mat
e31c4988-459e-49ad-9ee9-400cd818910f/SyncData.mat
e31c4988-459e-49ad-9ee9-400cd818910f/OrientationBias.mat
e31c4988-459e-49ad-9ee9-400cd818910f/BodyAngle.mat
46c613b2-821d-4fe4-a57f-4c2c77141d11/StandardTests_1906101955_NormRiskCount.csv
46c613b2-821d-4fe4-a57f-4c2c77141d11/StandardTests_1903302210_MotionThreshold.csv
46c613b2-821d-4fe4-a57f-4c2c77141d11/StandardTests_1903282210_MotionThreshold.csv
reprocess done
http://localhost:3000/?dcaID=e31c4988-459e-49ad-9ee9-400cd818910f&containerName=test&companyID=46c613b2-821d-4fe4-a57f-4c2c77141d11&command=A :2019-07-31T16:42:26-07:00
{
  containerName: 'test',
  dcaID: 'e31c4988-459e-49ad-9ee9-400cd818910f',
  companyID: '46c613b2-821d-4fe4-a57f-4c2c77141d11',
  command: 'A'
}
e31c4988-459e-49ad-9ee9-400cd818910f/BodyAmbient.mat
e31c4988-459e-49ad-9ee9-400cd818910f/Motion_Summary.mat
e31c4988-459e-49ad-9ee9-400cd818910f/ManualSensAdj.csv
e31c4988-459e-49ad-9ee9-400cd818910f/SlipTripFall.mat
e31c4988-459e-49ad-9ee9-400cd818910f/Thermal_Summary.mat
e31c4988-459e-49ad-9ee9-400cd818910f/Spatial_Summary.mat
e31c4988-459e-49ad-9ee9-400cd818910f/ThermoRisk.mat
e31c4988-459e-49ad-9ee9-400cd818910f/MotionDB.mat
e31c4988-459e-49ad-9ee9-400cd818910f/Calibration.mat
e31c4988-459e-49ad-9ee9-400cd818910f/WorkLoad.mat
e31c4988-459e-49ad-9ee9-400cd818910f/StandardTests25_UserParameters.mat
e31c4988-459e-49ad-9ee9-400cd818910f/RawData_THORAX_1.mat
e31c4988-459e-49ad-9ee9-400cd818910f/RawData_RFA_1.mat
e31c4988-459e-49ad-9ee9-400cd818910f/RawData_LFA_1.mat
e31c4988-459e-49ad-9ee9-400cd818910f/RawData_LUA_1.mat
e31c4988-459e-49ad-9ee9-400cd818910f/RawData_RUA_1.mat
e31c4988-459e-49ad-9ee9-400cd818910f/RawData_PELVIS_1.mat
e31c4988-459e-49ad-9ee9-400cd818910f/SyncTravel.mat
e31c4988-459e-49ad-9ee9-400cd818910f/SyncData.mat
e31c4988-459e-49ad-9ee9-400cd818910f/BodyAngle.mat
e31c4988-459e-49ad-9ee9-400cd818910f/BodyPosn.mat
e31c4988-459e-49ad-9ee9-400cd818910f/OrientationBias.mat
46c613b2-821d-4fe4-a57f-4c2c77141d11/StandardTests_1903302210_MotionThreshold.csv
46c613b2-821d-4fe4-a57f-4c2c77141d11/StandardTests_1903282210_MotionThreshold.csv
46c613b2-821d-4fe4-a57f-4c2c77141d11/StandardTests_1906101955_NormRiskCount.csv
reprocess done
http://localhost:3000/?dcaID=e31c4988-459e-49ad-9ee9-400cd818910f&containerName=test&companyID=46c613b2-821d-4fe4-a57f-4c2c77141d11&command=A :2019-07-31T16:50:14-07:00
{
  containerName: 'test',
  dcaID: 'e31c4988-459e-49ad-9ee9-400cd818910f',
  companyID: '46c613b2-821d-4fe4-a57f-4c2c77141d11',
  command: 'A'
}
e31c4988-459e-49ad-9ee9-400cd818910f/BodyAmbient.mat
e31c4988-459e-49ad-9ee9-400cd818910f/SlipTripFall.mat
e31c4988-459e-49ad-9ee9-400cd818910f/Spatial_Summary.mat
e31c4988-459e-49ad-9ee9-400cd818910f/Motion_Summary.mat
e31c4988-459e-49ad-9ee9-400cd818910f/Thermal_Summary.mat
e31c4988-459e-49ad-9ee9-400cd818910f/ThermoRisk.mat
e31c4988-459e-49ad-9ee9-400cd818910f/ManualSensAdj.csv
e31c4988-459e-49ad-9ee9-400cd818910f/MotionDB.mat
e31c4988-459e-49ad-9ee9-400cd818910f/Calibration.mat
e31c4988-459e-49ad-9ee9-400cd818910f/StandardTests25_UserParameters.mat
e31c4988-459e-49ad-9ee9-400cd818910f/WorkLoad.mat
e31c4988-459e-49ad-9ee9-400cd818910f/RawData_LFA_1.mat
e31c4988-459e-49ad-9ee9-400cd818910f/RawData_PELVIS_1.mat
e31c4988-459e-49ad-9ee9-400cd818910f/RawData_LUA_1.mat
e31c4988-459e-49ad-9ee9-400cd818910f/RawData_RUA_1.mat
e31c4988-459e-49ad-9ee9-400cd818910f/RawData_RFA_1.mat
e31c4988-459e-49ad-9ee9-400cd818910f/RawData_THORAX_1.mat
e31c4988-459e-49ad-9ee9-400cd818910f/SyncTravel.mat
e31c4988-459e-49ad-9ee9-400cd818910f/BodyPosn.mat
e31c4988-459e-49ad-9ee9-400cd818910f/SyncData.mat
e31c4988-459e-49ad-9ee9-400cd818910f/BodyAngle.mat
e31c4988-459e-49ad-9ee9-400cd818910f/OrientationBias.mat
46c613b2-821d-4fe4-a57f-4c2c77141d11/StandardTests_1906101955_NormRiskCount.csv
46c613b2-821d-4fe4-a57f-4c2c77141d11/StandardTests_1903302210_MotionThreshold.csv
46c613b2-821d-4fe4-a57f-4c2c77141d11/StandardTests_1903282210_MotionThreshold.csv
reprocess done
http://localhost:3000/?dcaID=e31c4988-459e-49ad-9ee9-400cd818910f&containerName=test&companyID=46c613b2-821d-4fe4-a57f-4c2c77141d11&command=A :2019-07-31T16:54:19-07:00
{
  containerName: 'test',
  dcaID: 'e31c4988-459e-49ad-9ee9-400cd818910f',
  companyID: '46c613b2-821d-4fe4-a57f-4c2c77141d11',
  command: 'A'
}
e31c4988-459e-49ad-9ee9-400cd818910f/BodyAmbient.mat
e31c4988-459e-49ad-9ee9-400cd818910f/ManualSensAdj.csv
e31c4988-459e-49ad-9ee9-400cd818910f/Spatial_Summary.mat
e31c4988-459e-49ad-9ee9-400cd818910f/ThermoRisk.mat
e31c4988-459e-49ad-9ee9-400cd818910f/Thermal_Summary.mat
e31c4988-459e-49ad-9ee9-400cd818910f/SlipTripFall.mat
e31c4988-459e-49ad-9ee9-400cd818910f/Motion_Summary.mat
e31c4988-459e-49ad-9ee9-400cd818910f/MotionDB.mat
e31c4988-459e-49ad-9ee9-400cd818910f/Calibration.mat
e31c4988-459e-49ad-9ee9-400cd818910f/WorkLoad.mat
e31c4988-459e-49ad-9ee9-400cd818910f/StandardTests25_UserParameters.mat
e31c4988-459e-49ad-9ee9-400cd818910f/RawData_RFA_1.mat
e31c4988-459e-49ad-9ee9-400cd818910f/RawData_THORAX_1.mat
e31c4988-459e-49ad-9ee9-400cd818910f/RawData_LFA_1.mat
e31c4988-459e-49ad-9ee9-400cd818910f/RawData_LUA_1.mat
e31c4988-459e-49ad-9ee9-400cd818910f/RawData_RUA_1.mat
e31c4988-459e-49ad-9ee9-400cd818910f/RawData_PELVIS_1.mat
e31c4988-459e-49ad-9ee9-400cd818910f/SyncTravel.mat
e31c4988-459e-49ad-9ee9-400cd818910f/SyncData.mat
e31c4988-459e-49ad-9ee9-400cd818910f/BodyAngle.mat
e31c4988-459e-49ad-9ee9-400cd818910f/BodyPosn.mat
e31c4988-459e-49ad-9ee9-400cd818910f/OrientationBias.mat
46c613b2-821d-4fe4-a57f-4c2c77141d11/StandardTests_1903282210_MotionThreshold.csv
46c613b2-821d-4fe4-a57f-4c2c77141d11/StandardTests_1903302210_MotionThreshold.csv
46c613b2-821d-4fe4-a57f-4c2c77141d11/StandardTests_1906101955_NormRiskCount.csv
reprocess done
http://localhost:3000/?dcaID=e31c4988-459e-49ad-9ee9-400cd818910f&containerName=test&companyID=46c613b2-821d-4fe4-a57f-4c2c77141d11&command=A :2019-07-31T16:58:24-07:00
{
  containerName: 'test',
  dcaID: 'e31c4988-459e-49ad-9ee9-400cd818910f',
  companyID: '46c613b2-821d-4fe4-a57f-4c2c77141d11',
  command: 'A'
}
e31c4988-459e-49ad-9ee9-400cd818910f/BodyAmbient.mat
e31c4988-459e-49ad-9ee9-400cd818910f/Motion_Summary.mat
e31c4988-459e-49ad-9ee9-400cd818910f/ManualSensAdj.csv
e31c4988-459e-49ad-9ee9-400cd818910f/SlipTripFall.mat
e31c4988-459e-49ad-9ee9-400cd818910f/Spatial_Summary.mat
e31c4988-459e-49ad-9ee9-400cd818910f/ThermoRisk.mat
e31c4988-459e-49ad-9ee9-400cd818910f/Thermal_Summary.mat
e31c4988-459e-49ad-9ee9-400cd818910f/Calibration.mat
e31c4988-459e-49ad-9ee9-400cd818910f/MotionDB.mat
e31c4988-459e-49ad-9ee9-400cd818910f/WorkLoad.mat
e31c4988-459e-49ad-9ee9-400cd818910f/StandardTests25_UserParameters.mat
e31c4988-459e-49ad-9ee9-400cd818910f/RawData_THORAX_1.mat
e31c4988-459e-49ad-9ee9-400cd818910f/RawData_RFA_1.mat
e31c4988-459e-49ad-9ee9-400cd818910f/RawData_RUA_1.mat
e31c4988-459e-49ad-9ee9-400cd818910f/RawData_LFA_1.mat
e31c4988-459e-49ad-9ee9-400cd818910f/RawData_LUA_1.mat
e31c4988-459e-49ad-9ee9-400cd818910f/RawData_PELVIS_1.mat
e31c4988-459e-49ad-9ee9-400cd818910f/SyncTravel.mat
e31c4988-459e-49ad-9ee9-400cd818910f/SyncData.mat
e31c4988-459e-49ad-9ee9-400cd818910f/BodyPosn.mat
e31c4988-459e-49ad-9ee9-400cd818910f/BodyAngle.mat
e31c4988-459e-49ad-9ee9-400cd818910f/OrientationBias.mat
46c613b2-821d-4fe4-a57f-4c2c77141d11/StandardTests_1903302210_MotionThreshold.csv
46c613b2-821d-4fe4-a57f-4c2c77141d11/StandardTests_1903282210_MotionThreshold.csv
46c613b2-821d-4fe4-a57f-4c2c77141d11/StandardTests_1906101955_NormRiskCount.csv
reprocess done
